1: void main()
2: {
3: 	int a;
4: 	int b;
5: 	int c;
6: 	int d;
7: 	int f;
8: 	int v;
9: 	if(a == 2) {
10: 		a = 92;
11: 	} else {
12: 		a = v + d;
13: 	}
14:
15: 	if(1) {
16: 		a = 7;
17: 	}
18:
19: 	if(a == 2) {
20: 		//int d;
21: 		a = b+ f;
22: 	} else if(a == 4) {
23: 		//int f;
24: 		a = v + d;
25: 	} else {
26: 		c = f;
27: 	}
28:
29: 	if(a == 2) {
30: 		//int f;
31: 		a = b+ f;
32: 	} else if(a == 4) {
33: 		//int f;
34: 		a = v + d;
35: 	} else if (b >9) {
36: 		//int f;
37: 		b++;
38: 	} else {
39: 		//int f;
40: 		c = f;
41: 	}
42:
43: 	while(1) {
44: 		if(a == 6) {
45: 			print(f);
46: 		} else {
47: 			print("e");
48: 		}
49: 		int a;
50: 	}

Index     Name      Kind        Type      Scope     Attribute 

0         a         variable    int       2         

51:
52: 	while(a > 5) {
53:
54: 		print("ff");
55: 		print(b);
56: 		b += c;
57: 	//	string b = "few";
58: 	}
59: 	if(a == 5) {
60: 		int h;
61: 	} else if(b == 5) {

Index     Name      Kind        Type      Scope     Attribute 

0         h         variable    int       2         

62: 		int g = 6;
63: 	}

Index     Name      Kind        Type      Scope     Attribute 

0         g         variable    int       2         

64: }

Index     Name      Kind        Type      Scope     Attribute 

0         a         variable    int       1         
1         b         variable    int       1         
2         c         variable    int       1         
3         d         variable    int       1         
4         f         variable    int       1         
5         v         variable    int       1         


Index     Name      Kind        Type      Scope     Attribute 

0         main      function    void      0         


Total lines: 64 
